<?xml version="1.0" encoding="UTF-8"?>
<!-- Generated by org.testng.reporters.JUnitReportReporter -->
<testsuite hostname="DESKTOP-GNDD2VC" failures="0" tests="1" name="magicleapTesting.magicLeap" time="0.000" errors="0" timestamp="22 Jan 2021 14:12:44 GMT" skipped="0">
  <testcase classname="magicleapTesting.magicLeap" name="DesktopScript" time="0.000"/>
</testsuite> <!-- magicleapTesting.magicLeap -->
